  AsteroidField.cpp
C:\Users\josh1\OneDrive\Desktop\Game Funamental ll\GAME1017_LE3_LastnameFirstname\GAME1017_Framework\GameObject.h(3,10): fatal  error C1083: Cannot open include file: 'SDL_rect.h': No such file or directory
  BulletPool.cpp
C:\Users\josh1\OneDrive\Desktop\Game Funamental ll\GAME1017_LE3_LastnameFirstname\GAME1017_Framework\BulletPool.h(3,10): fatal  error C1083: Cannot open include file: 'SDL.h': No such file or directory
  Button3.cpp
C:\Users\josh1\OneDrive\Desktop\Game Funamental ll\GAME1017_LE3_LastnameFirstname\GAME1017_Framework\Button3.h(4,10): fatal  error C1083: Cannot open include file: 'SDL.h': No such file or directory
  CollisionManager.cpp
C:\Users\josh1\OneDrive\Desktop\Game Funamental ll\GAME1017_LE3_LastnameFirstname\GAME1017_Framework\CollisionManager.h(4,10): fatal  error C1083: Cannot open include file: 'SDL.h': No such file or directory
  Engine.cpp
C:\Users\josh1\OneDrive\Desktop\Game Funamental ll\GAME1017_LE3_LastnameFirstname\GAME1017_Framework\Engine.h(3,10): fatal  error C1083: Cannot open include file: 'SDL.h': No such file or directory
  EventManager.cpp
C:\Users\josh1\OneDrive\Desktop\Game Funamental ll\GAME1017_LE3_LastnameFirstname\GAME1017_Framework\EventManager.h(3,10): fatal  error C1083: Cannot open include file: 'SDL.h': No such file or directory
  GameObject.cpp
C:\Users\josh1\OneDrive\Desktop\Game Funamental ll\GAME1017_LE3_LastnameFirstname\GAME1017_Framework\GameObject.h(3,10): fatal  error C1083: Cannot open include file: 'SDL_rect.h': No such file or directory
  Main.cpp
C:\Users\josh1\OneDrive\Desktop\Game Funamental ll\GAME1017_LE3_LastnameFirstname\GAME1017_Framework\Engine.h(3,10): fatal  error C1083: Cannot open include file: 'SDL.h': No such file or directory
  MathManager.cpp
C:\Users\josh1\OneDrive\Desktop\Game Funamental ll\GAME1017_LE3_LastnameFirstname\GAME1017_Framework\MathManager.h(5,10): fatal  error C1083: Cannot open include file: 'SDL.h': No such file or directory
  Primitives.cpp
C:\Users\josh1\OneDrive\Desktop\Game Funamental ll\GAME1017_LE3_LastnameFirstname\GAME1017_Framework\GameObject.h(3,10): fatal  error C1083: Cannot open include file: 'SDL_rect.h': No such file or directory
  RenderManager.cpp
C:\Users\josh1\OneDrive\Desktop\Game Funamental ll\GAME1017_LE3_LastnameFirstname\GAME1017_Framework\RenderManager.h(3,10): fatal  error C1083: Cannot open include file: 'SDL.h': No such file or directory
  Ship.cpp
C:\Users\josh1\OneDrive\Desktop\Game Funamental ll\GAME1017_LE3_LastnameFirstname\GAME1017_Framework\GameObject.h(3,10): fatal  error C1083: Cannot open include file: 'SDL_rect.h': No such file or directory
  SoundManager.cpp
C:\Users\josh1\OneDrive\Desktop\Game Funamental ll\GAME1017_LE3_LastnameFirstname\GAME1017_Framework\SoundManager.h(6,10): fatal  error C1083: Cannot open include file: 'SDL_mixer.h': No such file or directory
  StateManager.cpp
C:\Users\josh1\OneDrive\Desktop\Game Funamental ll\GAME1017_LE3_LastnameFirstname\GAME1017_Framework\GameObject.h(3,10): fatal  error C1083: Cannot open include file: 'SDL_rect.h': No such file or directory
  States.cpp
C:\Users\josh1\OneDrive\Desktop\Game Funamental ll\GAME1017_LE3_LastnameFirstname\GAME1017_Framework\GameObject.h(3,10): fatal  error C1083: Cannot open include file: 'SDL_rect.h': No such file or directory
  TextureManager.cpp
C:\Users\josh1\OneDrive\Desktop\Game Funamental ll\GAME1017_LE3_LastnameFirstname\GAME1017_Framework\TextureManager.h(5,10): fatal  error C1083: Cannot open include file: 'SDL.h': No such file or directory
  Generating Code...
